<?xml version="1.0" encoding="UTF-8"?>
<!-- Generated by org.testng.reporters.JUnitReportReporter -->
<testsuite hostname="Admin" failures="0" tests="1" name="automationframework.tests.OdioFunctionalityTest" time="89.136" errors="0" timestamp="2024-05-17T16:05:57 IST" skipped="0">
  <testcase classname="automationframework.tests.OdioFunctionalityTest" name="odioFunctionality" time="89.136"/>
</testsuite> <!-- automationframework.tests.OdioFunctionalityTest -->
