<?xml version="1.0" encoding="UTF-8"?>
<!-- Generated by org.testng.reporters.JUnitReportReporter -->
<testsuite hostname="Admin" failures="0" tests="1" name="automationframework.tests.OdioFunctionalityTest" time="28.522" errors="0" timestamp="2024-05-09T09:11:11 IST" skipped="0">
  <testcase classname="automationframework.tests.OdioFunctionalityTest" name="odioFunctionality" time="28.522"/>
</testsuite> <!-- automationframework.tests.OdioFunctionalityTest -->
